{"numTotalTestSuites":54,"numPassedTestSuites":36,"numFailedTestSuites":18,"numPendingTestSuites":0,"numTotalTests":82,"numPassedTests":73,"numFailedTests":9,"numPendingTests":0,"numTodoTests":0,"snapshot":{"added":0,"failure":false,"filesAdded":0,"filesRemoved":0,"filesRemovedList":[],"filesUnmatched":0,"filesUpdated":0,"matched":0,"total":0,"unchecked":0,"uncheckedKeysByFile":[],"unmatched":0,"updated":0,"didUpdate":false},"startTime":1776543359392,"success":false,"testResults":[{"assertionResults":[{"ancestorTitles":["legacy swimlane cleanup"],"fullName":"legacy swimlane cleanup removes dead swimlane domain and use case artifacts","status":"passed","title":"removes dead swimlane domain and use case artifacts","duration":2.843500000000006,"failureMessages":[],"meta":{},"tags":[]},{"ancestorTitles":["legacy swimlane cleanup"],"fullName":"legacy swimlane cleanup renames bounded context row UI artifacts and removes old swimlane css","status":"passed","title":"renames bounded context row UI artifacts and removes old swimlane css","duration":0.8024580000000014,"failureMessages":[],"meta":{},"tags":[]},{"ancestorTitles":["legacy swimlane cleanup"],"fullName":"legacy swimlane cleanup extracts fixed row labels into a dedicated canvas component","status":"passed","title":"extracts fixed row labels into a dedicated canvas component","duration":0.3117909999999995,"failureMessages":[],"meta":{},"tags":[]},{"ancestorTitles":["legacy swimlane cleanup"],"fullName":"legacy swimlane cleanup extracts the slice header strip into a dedicated canvas component","status":"passed","title":"extracts the slice header strip into a dedicated canvas component","duration":0.2357499999999959,"failureMessages":[],"meta":{},"tags":[]},{"ancestorTitles":["legacy swimlane cleanup"],"fullName":"legacy swimlane cleanup extracts context menu item construction into a dedicated helper","status":"passed","title":"extracts context menu item construction into a dedicated helper","duration":0.31145899999998505,"failureMessages":[],"meta":{},"tags":[]},{"ancestorTitles":["legacy swimlane cleanup"],"fullName":"legacy swimlane cleanup extracts slice overlay entry construction into a dedicated helper","status":"passed","title":"extracts slice overlay entry construction into a dedicated helper","duration":0.25266600000000494,"failureMessages":[],"meta":{},"tags":[]},{"ancestorTitles":["legacy swimlane cleanup"],"fullName":"legacy swimlane cleanup extracts slice header entry construction into a dedicated helper","status":"passed","title":"extracts slice header entry construction into a dedicated helper","duration":0.31825000000000614,"failureMessages":[],"meta":{},"tags":[]},{"ancestorTitles":["legacy swimlane cleanup"],"fullName":"legacy swimlane cleanup extracts visible column calculation into a dedicated helper","status":"passed","title":"extracts visible column calculation into a dedicated helper","duration":0.28812500000000796,"failureMessages":[],"meta":{},"tags":[]},{"ancestorTitles":["legacy swimlane cleanup"],"fullName":"legacy swimlane cleanup extracts slice hitbox column calculation into a dedicated helper","status":"passed","title":"extracts slice hitbox column calculation into a dedicated helper","duration":0.7386669999999924,"failureMessages":[],"meta":{},"tags":[]},{"ancestorTitles":["legacy swimlane cleanup"],"fullName":"legacy swimlane cleanup extracts minimap node color mapping into a dedicated helper","status":"passed","title":"extracts minimap node color mapping into a dedicated helper","duration":0.3464999999999918,"failureMessages":[],"meta":{},"tags":[]},{"ancestorTitles":["legacy swimlane cleanup"],"fullName":"legacy swimlane cleanup extracts slice overlay rendering layer into a dedicated canvas component","status":"passed","title":"extracts slice overlay rendering layer into a dedicated canvas component","duration":0.34166700000000105,"failureMessages":[],"meta":{},"tags":[]},{"ancestorTitles":["legacy swimlane cleanup"],"fullName":"legacy swimlane cleanup extracts context menu rendering layer into a dedicated canvas component","status":"passed","title":"extracts context menu rendering layer into a dedicated canvas component","duration":0.21520899999998733,"failureMessages":[],"meta":{},"tags":[]},{"ancestorTitles":["legacy swimlane cleanup"],"fullName":"legacy swimlane cleanup extracts bounded context modal rendering into a dedicated canvas component","status":"passed","title":"extracts bounded context modal rendering into a dedicated canvas component","duration":0.20474999999999,"failureMessages":[],"meta":{},"tags":[]},{"ancestorTitles":["legacy swimlane cleanup"],"fullName":"legacy swimlane cleanup extracts minimap rendering into a dedicated canvas component","status":"passed","title":"extracts minimap rendering into a dedicated canvas component","duration":0.18091699999999378,"failureMessages":[],"meta":{},"tags":[]},{"ancestorTitles":["legacy swimlane cleanup"],"fullName":"legacy swimlane cleanup extracts react flow visual decorations into a dedicated canvas component","status":"passed","title":"extracts react flow visual decorations into a dedicated canvas component","duration":0.17891700000001265,"failureMessages":[],"meta":{},"tags":[]},{"ancestorTitles":["legacy swimlane cleanup"],"fullName":"legacy swimlane cleanup extracts bounded context row render-data builder into a dedicated helper","status":"passed","title":"extracts bounded context row render-data builder into a dedicated helper","duration":0.23545899999999165,"failureMessages":[],"meta":{},"tags":[]},{"ancestorTitles":["legacy swimlane cleanup"],"fullName":"legacy swimlane cleanup extracts canvas node type mapping into a dedicated module","status":"passed","title":"extracts canvas node type mapping into a dedicated module","duration":0.16387500000001864,"failureMessages":[],"meta":{},"tags":[]},{"ancestorTitles":["legacy swimlane cleanup"],"fullName":"legacy swimlane cleanup extracts board render-data builder into a dedicated helper","status":"passed","title":"extracts board render-data builder into a dedicated helper","duration":0.155666999999994,"failureMessages":[],"meta":{},"tags":[]},{"ancestorTitles":["legacy swimlane cleanup"],"fullName":"legacy swimlane cleanup extracts bounded context modals hook into a dedicated hook","status":"passed","title":"extracts bounded context modals hook into a dedicated hook","duration":0.17062500000000114,"failureMessages":[],"meta":{},"tags":[]},{"ancestorTitles":["legacy swimlane cleanup"],"fullName":"legacy swimlane cleanup extracts react flow nodes builder into a dedicated helper","status":"passed","title":"extracts react flow nodes builder into a dedicated helper","duration":0.16037500000001614,"failureMessages":[],"meta":{},"tags":[]},{"ancestorTitles":["legacy swimlane cleanup"],"fullName":"legacy swimlane cleanup extracts react flow edges builder into a dedicated helper","status":"passed","title":"extracts react flow edges builder into a dedicated helper","duration":0.1582920000000172,"failureMessages":[],"meta":{},"tags":[]},{"ancestorTitles":["legacy swimlane cleanup"],"fullName":"legacy swimlane cleanup groups vertical slice aggregate files under a dedicated domain subfolder","status":"passed","title":"groups vertical slice aggregate files under a dedicated domain subfolder","duration":0.20933299999998667,"failureMessages":[],"meta":{},"tags":[]},{"ancestorTitles":["legacy swimlane cleanup"],"fullName":"legacy swimlane cleanup groups bounded context files under a dedicated domain subfolder","status":"passed","title":"groups bounded context files under a dedicated domain subfolder","duration":0.26729100000000017,"failureMessages":[],"meta":{},"tags":[]},{"ancestorTitles":["legacy swimlane cleanup"],"fullName":"legacy swimlane cleanup groups board files under a dedicated domain subfolder","status":"passed","title":"groups board files under a dedicated domain subfolder","duration":0.31112499999997567,"failureMessages":[],"meta":{},"tags":[]},{"ancestorTitles":["legacy swimlane cleanup"],"fullName":"legacy swimlane cleanup groups node files under a dedicated domain subfolder","status":"passed","title":"groups node files under a dedicated domain subfolder","duration":0.4561250000000143,"failureMessages":[],"meta":{},"tags":[]}],"startTime":1776543359867,"endTime":1776543359877.456,"status":"passed","message":"","name":"/Users/sebastiendegodez/Documents/source.nosync/event2spec/tests/core/cleanup/noLegacySwimlaneArtifacts.test.ts"},{"assertionResults":[],"startTime":1776543359392,"endTime":1776543359392,"status":"failed","message":"Cannot find module './NodeKind' imported from /Users/sebastiendegodez/Documents/source.nosync/event2spec/src/core/domain/CellNodeOptions.ts","name":"/Users/sebastiendegodez/Documents/source.nosync/event2spec/tests/core/domain/CellNodeOptions.test.ts"},{"assertionResults":[],"startTime":1776543359392,"endTime":1776543359392,"status":"failed","message":"Cannot find module './NodeKind' imported from /Users/sebastiendegodez/Documents/source.nosync/event2spec/src/core/domain/isRowValidForKind.ts","name":"/Users/sebastiendegodez/Documents/source.nosync/event2spec/tests/core/domain/isRowValidForKind.test.ts"},{"assertionResults":[],"startTime":1776543359392,"endTime":1776543359392,"status":"failed","message":"Cannot find module './NodeKind' imported from /Users/sebastiendegodez/Documents/source.nosync/event2spec/src/core/domain/nodeKindToRow.ts","name":"/Users/sebastiendegodez/Documents/source.nosync/event2spec/tests/core/domain/nodeKindToRow.test.ts"},{"assertionResults":[],"startTime":1776543359392,"endTime":1776543359392,"status":"failed","message":"Cannot find module './NodeKind' imported from /Users/sebastiendegodez/Documents/source.nosync/event2spec/src/core/domain/resolveAutoLinks.ts","name":"/Users/sebastiendegodez/Documents/source.nosync/event2spec/tests/core/domain/resolveAutoLinks.test.ts"},{"assertionResults":[],"startTime":1776543359392,"endTime":1776543359392,"status":"failed","message":"Cannot find module './NodeKind' imported from /Users/sebastiendegodez/Documents/source.nosync/event2spec/src/core/domain/resolveConnectionType.ts","name":"/Users/sebastiendegodez/Documents/source.nosync/event2spec/tests/core/domain/resolveConnectionType.test.ts"},{"assertionResults":[{"ancestorTitles":["useBoardStore deleteBoundedContext cascade"],"fullName":"useBoardStore deleteBoundedContext cascade removes domain events belonging to the deleted bounded context from the board","status":"failed","title":"removes domain events belonging to the deleted bounded context from the board","duration":103.759041,"failureMessages":["Error: Cannot find module './NodeKind' imported from /Users/sebastiendegodez/Documents/source.nosync/event2spec/src/core/domain/isRowValidForKind.ts\n    at reviveInvokeError (file:///Users/sebastiendegodez/Documents/source.nosync/event2spec/node_modules/vite/dist/node/module-runner.js:538:14)\n    at Object.invoke (file:///Users/sebastiendegodez/Documents/source.nosync/event2spec/node_modules/vite/dist/node/module-runner.js:554:33)\n    at processTicksAndRejections (node:internal/process/task_queues:105:5)\n    at VitestModuleRunner.getModuleInformation (file:///Users/sebastiendegodez/Documents/source.nosync/event2spec/node_modules/vite/dist/node/module-runner.js:1187:7)\n    at request (file:///Users/sebastiendegodez/Documents/source.nosync/event2spec/node_modules/vite/dist/node/module-runner.js:1204:83)\n    at /Users/sebastiendegodez/Documents/source.nosync/event2spec/src/core/domain/isRowValidForKind.ts:1:1\n    at VitestModuleEvaluator._runInlinedModule (file:///Users/sebastiendegodez/Documents/source.nosync/event2spec/node_modules/vitest/dist/module-evaluator.js:206:4)\n    at VitestModuleRunner.directRequest (file:///Users/sebastiendegodez/Documents/source.nosync/event2spec/node_modules/vite/dist/node/module-runner.js:1247:59)\n    at VitestModuleRunner.cachedRequest (file:///Users/sebastiendegodez/Documents/source.nosync/event2spec/node_modules/vite/dist/node/module-runner.js:1154:73)\n    at /Users/sebastiendegodez/Documents/source.nosync/event2spec/src/core/usecases/commands/MoveNode/MoveNodeCommandHandler.ts:3:1"],"meta":{},"tags":[]},{"ancestorTitles":["useBoardStore deleteBoundedContext cascade"],"fullName":"useBoardStore deleteBoundedContext cascade removes links attached to events of the deleted bounded context","status":"failed","title":"removes links attached to events of the deleted bounded context","duration":5.790624999999977,"failureMessages":["Error: Cannot find module './NodeKind' imported from /Users/sebastiendegodez/Documents/source.nosync/event2spec/src/core/domain/isRowValidForKind.ts\n    at reviveInvokeError (file:///Users/sebastiendegodez/Documents/source.nosync/event2spec/node_modules/vite/dist/node/module-runner.js:538:14)\n    at Object.invoke (file:///Users/sebastiendegodez/Documents/source.nosync/event2spec/node_modules/vite/dist/node/module-runner.js:554:33)\n    at processTicksAndRejections (node:internal/process/task_queues:105:5)\n    at VitestModuleRunner.getModuleInformation (file:///Users/sebastiendegodez/Documents/source.nosync/event2spec/node_modules/vite/dist/node/module-runner.js:1187:7)\n    at request (file:///Users/sebastiendegodez/Documents/source.nosync/event2spec/node_modules/vite/dist/node/module-runner.js:1204:83)\n    at /Users/sebastiendegodez/Documents/source.nosync/event2spec/src/core/domain/isRowValidForKind.ts:1:1\n    at VitestModuleEvaluator._runInlinedModule (file:///Users/sebastiendegodez/Documents/source.nosync/event2spec/node_modules/vitest/dist/module-evaluator.js:206:4)\n    at VitestModuleRunner.directRequest (file:///Users/sebastiendegodez/Documents/source.nosync/event2spec/node_modules/vite/dist/node/module-runner.js:1247:59)\n    at VitestModuleRunner.cachedRequest (file:///Users/sebastiendegodez/Documents/source.nosync/event2spec/node_modules/vite/dist/node/module-runner.js:1154:73)\n    at /Users/sebastiendegodez/Documents/source.nosync/event2spec/src/core/usecases/commands/MoveNode/MoveNodeCommandHandler.ts:3:1"],"meta":{},"tags":[]}],"startTime":1776543359664,"endTime":1776543359773.7905,"status":"failed","message":"","name":"/Users/sebastiendegodez/Documents/source.nosync/event2spec/tests/core/store/useBoardStore.deleteBoundedContextCascade.test.ts"},{"assertionResults":[],"startTime":1776543359392,"endTime":1776543359392,"status":"failed","message":"Cannot find module './NodeKind' imported from /Users/sebastiendegodez/Documents/source.nosync/event2spec/src/core/domain/isRowValidForKind.ts","name":"/Users/sebastiendegodez/Documents/source.nosync/event2spec/tests/core/store/useBoardStore.noSwimlanes.test.ts"},{"assertionResults":[{"ancestorTitles":["useBoardStore persistence v3"],"fullName":"useBoardStore persistence v3 loads persisted slice ranges from version 3","status":"failed","title":"loads persisted slice ranges from version 3","duration":72.947834,"failureMessages":["Error: Cannot find module './NodeKind' imported from /Users/sebastiendegodez/Documents/source.nosync/event2spec/src/core/domain/isRowValidForKind.ts\n    at reviveInvokeError (file:///Users/sebastiendegodez/Documents/source.nosync/event2spec/node_modules/vite/dist/node/module-runner.js:538:14)\n    at Object.invoke (file:///Users/sebastiendegodez/Documents/source.nosync/event2spec/node_modules/vite/dist/node/module-runner.js:554:33)\n    at processTicksAndRejections (node:internal/process/task_queues:105:5)\n    at VitestModuleRunner.getModuleInformation (file:///Users/sebastiendegodez/Documents/source.nosync/event2spec/node_modules/vite/dist/node/module-runner.js:1187:7)\n    at request (file:///Users/sebastiendegodez/Documents/source.nosync/event2spec/node_modules/vite/dist/node/module-runner.js:1204:83)\n    at /Users/sebastiendegodez/Documents/source.nosync/event2spec/src/core/domain/isRowValidForKind.ts:1:1\n    at VitestModuleEvaluator._runInlinedModule (file:///Users/sebastiendegodez/Documents/source.nosync/event2spec/node_modules/vitest/dist/module-evaluator.js:206:4)\n    at VitestModuleRunner.directRequest (file:///Users/sebastiendegodez/Documents/source.nosync/event2spec/node_modules/vite/dist/node/module-runner.js:1247:59)\n    at VitestModuleRunner.cachedRequest (file:///Users/sebastiendegodez/Documents/source.nosync/event2spec/node_modules/vite/dist/node/module-runner.js:1154:73)\n    at /Users/sebastiendegodez/Documents/source.nosync/event2spec/src/core/usecases/commands/MoveNode/MoveNodeCommandHandler.ts:3:1"],"meta":{},"tags":[]},{"ancestorTitles":["useBoardStore persistence v3"],"fullName":"useBoardStore persistence v3 normalizes legacy v2 slices to default range when fields are absent","status":"failed","title":"normalizes legacy v2 slices to default range when fields are absent","duration":5.860125000000039,"failureMessages":["Error: Cannot find module './NodeKind' imported from /Users/sebastiendegodez/Documents/source.nosync/event2spec/src/core/domain/isRowValidForKind.ts\n    at reviveInvokeError (file:///Users/sebastiendegodez/Documents/source.nosync/event2spec/node_modules/vite/dist/node/module-runner.js:538:14)\n    at Object.invoke (file:///Users/sebastiendegodez/Documents/source.nosync/event2spec/node_modules/vite/dist/node/module-runner.js:554:33)\n    at processTicksAndRejections (node:internal/process/task_queues:105:5)\n    at VitestModuleRunner.getModuleInformation (file:///Users/sebastiendegodez/Documents/source.nosync/event2spec/node_modules/vite/dist/node/module-runner.js:1187:7)\n    at request (file:///Users/sebastiendegodez/Documents/source.nosync/event2spec/node_modules/vite/dist/node/module-runner.js:1204:83)\n    at /Users/sebastiendegodez/Documents/source.nosync/event2spec/src/core/domain/isRowValidForKind.ts:1:1\n    at VitestModuleEvaluator._runInlinedModule (file:///Users/sebastiendegodez/Documents/source.nosync/event2spec/node_modules/vitest/dist/module-evaluator.js:206:4)\n    at VitestModuleRunner.directRequest (file:///Users/sebastiendegodez/Documents/source.nosync/event2spec/node_modules/vite/dist/node/module-runner.js:1247:59)\n    at VitestModuleRunner.cachedRequest (file:///Users/sebastiendegodez/Documents/source.nosync/event2spec/node_modules/vite/dist/node/module-runner.js:1154:73)\n    at /Users/sebastiendegodez/Documents/source.nosync/event2spec/src/core/usecases/commands/MoveNode/MoveNodeCommandHandler.ts:3:1"],"meta":{},"tags":[]},{"ancestorTitles":["useBoardStore persistence v2"],"fullName":"useBoardStore persistence v2 resets storage when version is missing","status":"failed","title":"resets storage when version is missing","duration":7.772125000000017,"failureMessages":["Error: Cannot find module './NodeKind' imported from /Users/sebastiendegodez/Documents/source.nosync/event2spec/src/core/domain/isRowValidForKind.ts\n    at reviveInvokeError (file:///Users/sebastiendegodez/Documents/source.nosync/event2spec/node_modules/vite/dist/node/module-runner.js:538:14)\n    at Object.invoke (file:///Users/sebastiendegodez/Documents/source.nosync/event2spec/node_modules/vite/dist/node/module-runner.js:554:33)\n    at processTicksAndRejections (node:internal/process/task_queues:105:5)\n    at VitestModuleRunner.getModuleInformation (file:///Users/sebastiendegodez/Documents/source.nosync/event2spec/node_modules/vite/dist/node/module-runner.js:1187:7)\n    at request (file:///Users/sebastiendegodez/Documents/source.nosync/event2spec/node_modules/vite/dist/node/module-runner.js:1204:83)\n    at /Users/sebastiendegodez/Documents/source.nosync/event2spec/src/core/domain/isRowValidForKind.ts:1:1\n    at VitestModuleEvaluator._runInlinedModule (file:///Users/sebastiendegodez/Documents/source.nosync/event2spec/node_modules/vitest/dist/module-evaluator.js:206:4)\n    at VitestModuleRunner.directRequest (file:///Users/sebastiendegodez/Documents/source.nosync/event2spec/node_modules/vite/dist/node/module-runner.js:1247:59)\n    at VitestModuleRunner.cachedRequest (file:///Users/sebastiendegodez/Documents/source.nosync/event2spec/node_modules/vite/dist/node/module-runner.js:1154:73)\n    at /Users/sebastiendegodez/Documents/source.nosync/event2spec/src/core/usecases/commands/MoveNode/MoveNodeCommandHandler.ts:3:1"],"meta":{},"tags":[]},{"ancestorTitles":["useBoardStore persistence v2"],"fullName":"useBoardStore persistence v2 loads state when version is 2","status":"failed","title":"loads state when version is 2","duration":12.395708000000013,"failureMessages":["Error: Cannot find module './NodeKind' imported from /Users/sebastiendegodez/Documents/source.nosync/event2spec/src/core/domain/isRowValidForKind.ts\n    at reviveInvokeError (file:///Users/sebastiendegodez/Documents/source.nosync/event2spec/node_modules/vite/dist/node/module-runner.js:538:14)\n    at Object.invoke (file:///Users/sebastiendegodez/Documents/source.nosync/event2spec/node_modules/vite/dist/node/module-runner.js:554:33)\n    at processTicksAndRejections (node:internal/process/task_queues:105:5)\n    at VitestModuleRunner.getModuleInformation (file:///Users/sebastiendegodez/Documents/source.nosync/event2spec/node_modules/vite/dist/node/module-runner.js:1187:7)\n    at request (file:///Users/sebastiendegodez/Documents/source.nosync/event2spec/node_modules/vite/dist/node/module-runner.js:1204:83)\n    at /Users/sebastiendegodez/Documents/source.nosync/event2spec/src/core/domain/isRowValidForKind.ts:1:1\n    at VitestModuleEvaluator._runInlinedModule (file:///Users/sebastiendegodez/Documents/source.nosync/event2spec/node_modules/vitest/dist/module-evaluator.js:206:4)\n    at VitestModuleRunner.directRequest (file:///Users/sebastiendegodez/Documents/source.nosync/event2spec/node_modules/vite/dist/node/module-runner.js:1247:59)\n    at VitestModuleRunner.cachedRequest (file:///Users/sebastiendegodez/Documents/source.nosync/event2spec/node_modules/vite/dist/node/module-runner.js:1154:73)\n    at /Users/sebastiendegodez/Documents/source.nosync/event2spec/src/core/usecases/commands/MoveNode/MoveNodeCommandHandler.ts:3:1"],"meta":{},"tags":[]}],"startTime":1776543359695,"endTime":1776543359794.3958,"status":"failed","message":"","name":"/Users/sebastiendegodez/Documents/source.nosync/event2spec/tests/core/store/useBoardStore.persistence.test.ts"},{"assertionResults":[{"ancestorTitles":["useBoardStore slice range selection"],"fullName":"useBoardStore slice range selection starts a new temporary range from a free column","status":"failed","title":"starts a new temporary range from a free column","duration":102.49220799999998,"failureMessages":["Error: Cannot find module './NodeKind' imported from /Users/sebastiendegodez/Documents/source.nosync/event2spec/src/core/domain/isRowValidForKind.ts\n    at reviveInvokeError (file:///Users/sebastiendegodez/Documents/source.nosync/event2spec/node_modules/vite/dist/node/module-runner.js:538:14)\n    at Object.invoke (file:///Users/sebastiendegodez/Documents/source.nosync/event2spec/node_modules/vite/dist/node/module-runner.js:554:33)\n    at processTicksAndRejections (node:internal/process/task_queues:105:5)\n    at VitestModuleRunner.getModuleInformation (file:///Users/sebastiendegodez/Documents/source.nosync/event2spec/node_modules/vite/dist/node/module-runner.js:1187:7)\n    at request (file:///Users/sebastiendegodez/Documents/source.nosync/event2spec/node_modules/vite/dist/node/module-runner.js:1204:83)\n    at /Users/sebastiendegodez/Documents/source.nosync/event2spec/src/core/domain/isRowValidForKind.ts:1:1\n    at VitestModuleEvaluator._runInlinedModule (file:///Users/sebastiendegodez/Documents/source.nosync/event2spec/node_modules/vitest/dist/module-evaluator.js:206:4)\n    at VitestModuleRunner.directRequest (file:///Users/sebastiendegodez/Documents/source.nosync/event2spec/node_modules/vite/dist/node/module-runner.js:1247:59)\n    at VitestModuleRunner.cachedRequest (file:///Users/sebastiendegodez/Documents/source.nosync/event2spec/node_modules/vite/dist/node/module-runner.js:1154:73)\n    at /Users/sebastiendegodez/Documents/source.nosync/event2spec/src/core/usecases/commands/MoveNode/MoveNodeCommandHandler.ts:3:1"],"meta":{},"tags":[]},{"ancestorTitles":["useBoardStore slice range selection"],"fullName":"useBoardStore slice range selection ignores a covered column when starting a new selection","status":"failed","title":"ignores a covered column when starting a new selection","duration":5.8840829999999755,"failureMessages":["Error: Cannot find module './NodeKind' imported from /Users/sebastiendegodez/Documents/source.nosync/event2spec/src/core/domain/isRowValidForKind.ts\n    at reviveInvokeError (file:///Users/sebastiendegodez/Documents/source.nosync/event2spec/node_modules/vite/dist/node/module-runner.js:538:14)\n    at Object.invoke (file:///Users/sebastiendegodez/Documents/source.nosync/event2spec/node_modules/vite/dist/node/module-runner.js:554:33)\n    at processTicksAndRejections (node:internal/process/task_queues:105:5)\n    at VitestModuleRunner.getModuleInformation (file:///Users/sebastiendegodez/Documents/source.nosync/event2spec/node_modules/vite/dist/node/module-runner.js:1187:7)\n    at request (file:///Users/sebastiendegodez/Documents/source.nosync/event2spec/node_modules/vite/dist/node/module-runner.js:1204:83)\n    at /Users/sebastiendegodez/Documents/source.nosync/event2spec/src/core/domain/isRowValidForKind.ts:1:1\n    at VitestModuleEvaluator._runInlinedModule (file:///Users/sebastiendegodez/Documents/source.nosync/event2spec/node_modules/vitest/dist/module-evaluator.js:206:4)\n    at VitestModuleRunner.directRequest (file:///Users/sebastiendegodez/Documents/source.nosync/event2spec/node_modules/vite/dist/node/module-runner.js:1247:59)\n    at VitestModuleRunner.cachedRequest (file:///Users/sebastiendegodez/Documents/source.nosync/event2spec/node_modules/vite/dist/node/module-runner.js:1154:73)\n    at /Users/sebastiendegodez/Documents/source.nosync/event2spec/src/core/usecases/commands/MoveNode/MoveNodeCommandHandler.ts:3:1"],"meta":{},"tags":[]},{"ancestorTitles":["useBoardStore slice range selection"],"fullName":"useBoardStore slice range selection extends the temporary range by one column to the right","status":"failed","title":"extends the temporary range by one column to the right","duration":7.325957999999957,"failureMessages":["Error: Cannot find module './NodeKind' imported from /Users/sebastiendegodez/Documents/source.nosync/event2spec/src/core/domain/isRowValidForKind.ts\n    at reviveInvokeError (file:///Users/sebastiendegodez/Documents/source.nosync/event2spec/node_modules/vite/dist/node/module-runner.js:538:14)\n    at Object.invoke (file:///Users/sebastiendegodez/Documents/source.nosync/event2spec/node_modules/vite/dist/node/module-runner.js:554:33)\n    at processTicksAndRejections (node:internal/process/task_queues:105:5)\n    at VitestModuleRunner.getModuleInformation (file:///Users/sebastiendegodez/Documents/source.nosync/event2spec/node_modules/vite/dist/node/module-runner.js:1187:7)\n    at request (file:///Users/sebastiendegodez/Documents/source.nosync/event2spec/node_modules/vite/dist/node/module-runner.js:1204:83)\n    at /Users/sebastiendegodez/Documents/source.nosync/event2spec/src/core/domain/isRowValidForKind.ts:1:1\n    at VitestModuleEvaluator._runInlinedModule (file:///Users/sebastiendegodez/Documents/source.nosync/event2spec/node_modules/vitest/dist/module-evaluator.js:206:4)\n    at VitestModuleRunner.directRequest (file:///Users/sebastiendegodez/Documents/source.nosync/event2spec/node_modules/vite/dist/node/module-runner.js:1247:59)\n    at VitestModuleRunner.cachedRequest (file:///Users/sebastiendegodez/Documents/source.nosync/event2spec/node_modules/vite/dist/node/module-runner.js:1154:73)\n    at /Users/sebastiendegodez/Documents/source.nosync/event2spec/src/core/usecases/commands/MoveNode/MoveNodeCommandHandler.ts:3:1"],"meta":{},"tags":[]}],"startTime":1776543359665,"endTime":1776543359781.326,"status":"failed","message":"","name":"/Users/sebastiendegodez/Documents/source.nosync/event2spec/tests/core/store/useBoardStore.sliceRangeSelection.test.ts"},{"assertionResults":[{"ancestorTitles":["AddCommandNodeCommandHandler"],"fullName":"AddCommandNodeCommandHandler places a command node on the board at the requested position","status":"passed","title":"places a command node on the board at the requested position","duration":2.896458000000024,"failureMessages":[],"meta":{},"tags":[]},{"ancestorTitles":["AddCommandNodeCommandHandler"],"fullName":"AddCommandNodeCommandHandler places a command node above a domain event on the same grid","status":"passed","title":"places a command node above a domain event on the same grid","duration":0.8799169999999776,"failureMessages":[],"meta":{},"tags":[]},{"ancestorTitles":["AddCommandNodeCommandHandler"],"fullName":"AddCommandNodeCommandHandler shifts existing nodes in the same row when inserting at an occupied position","status":"passed","title":"shifts existing nodes in the same row when inserting at an occupied position","duration":0.25158400000000825,"failureMessages":[],"meta":{},"tags":[]},{"ancestorTitles":["AddCommandNodeCommandHandler"],"fullName":"AddCommandNodeCommandHandler does not mutate the original board","status":"passed","title":"does not mutate the original board","duration":0.19658300000000395,"failureMessages":[],"meta":{},"tags":[]}],"startTime":1776543359960,"endTime":1776543359964.2515,"status":"passed","message":"","name":"/Users/sebastiendegodez/Documents/source.nosync/event2spec/tests/core/usecases/AddCommandNode/AddCommandNodeCommandHandler.test.ts"},{"assertionResults":[{"ancestorTitles":["AddDomainEventNodeCommandHandler"],"fullName":"AddDomainEventNodeCommandHandler stores boundedContextId on created domain event","status":"passed","title":"stores boundedContextId on created domain event","duration":2.5181670000000054,"failureMessages":[],"meta":{},"tags":[]},{"ancestorTitles":["AddDomainEventNodeCommandHandler"],"fullName":"AddDomainEventNodeCommandHandler places a node on an empty board at the requested position","status":"passed","title":"places a node on an empty board at the requested position","duration":0.5865000000000009,"failureMessages":[],"meta":{},"tags":[]},{"ancestorTitles":["AddDomainEventNodeCommandHandler"],"fullName":"AddDomainEventNodeCommandHandler shifts an occupant right when inserting at its position","status":"passed","title":"shifts an occupant right when inserting at its position","duration":0.5597500000000082,"failureMessages":[],"meta":{},"tags":[]},{"ancestorTitles":["AddDomainEventNodeCommandHandler"],"fullName":"AddDomainEventNodeCommandHandler shifts every node in the same row at the target column or beyond","status":"passed","title":"shifts every node in the same row at the target column or beyond","duration":0.5087079999999844,"failureMessages":[],"meta":{},"tags":[]},{"ancestorTitles":["AddDomainEventNodeCommandHandler"],"fullName":"AddDomainEventNodeCommandHandler does NOT shift nodes in a different row","status":"passed","title":"does NOT shift nodes in a different row","duration":0.5447080000000142,"failureMessages":[],"meta":{},"tags":[]},{"ancestorTitles":["AddDomainEventNodeCommandHandler"],"fullName":"AddDomainEventNodeCommandHandler does NOT shift nodes in the same row that are left of the target column","status":"passed","title":"does NOT shift nodes in the same row that are left of the target column","duration":0.4767909999999915,"failureMessages":[],"meta":{},"tags":[]},{"ancestorTitles":["AddDomainEventNodeCommandHandler"],"fullName":"AddDomainEventNodeCommandHandler does not mutate the original board","status":"passed","title":"does not mutate the original board","duration":0.3636250000000132,"failureMessages":[],"meta":{},"tags":[]}],"startTime":1776543359891,"endTime":1776543359897.3635,"status":"passed","message":"","name":"/Users/sebastiendegodez/Documents/source.nosync/event2spec/tests/core/usecases/AddDomainEventNode/AddDomainEventNodeCommandHandler.test.ts"},{"assertionResults":[{"ancestorTitles":["AddPolicyNodeCommandHandler"],"fullName":"AddPolicyNodeCommandHandler places a policy node on an empty board at the requested position","status":"passed","title":"places a policy node on an empty board at the requested position","duration":2.070750000000004,"failureMessages":[],"meta":{},"tags":[]},{"ancestorTitles":["AddPolicyNodeCommandHandler"],"fullName":"AddPolicyNodeCommandHandler places a policy node with the correct label","status":"passed","title":"places a policy node with the correct label","duration":0.2628750000000082,"failureMessages":[],"meta":{},"tags":[]},{"ancestorTitles":["AddPolicyNodeCommandHandler"],"fullName":"AddPolicyNodeCommandHandler does not mutate the original board","status":"passed","title":"does not mutate the original board","duration":0.18295900000001097,"failureMessages":[],"meta":{},"tags":[]}],"startTime":1776543360115,"endTime":1776543360117.263,"status":"passed","message":"","name":"/Users/sebastiendegodez/Documents/source.nosync/event2spec/tests/core/usecases/AddPolicyNode/AddPolicyNodeCommandHandler.test.ts"},{"assertionResults":[{"ancestorTitles":["AddReadModelNodeCommandHandler"],"fullName":"AddReadModelNodeCommandHandler places a read model node on an empty board at the requested position","status":"passed","title":"places a read model node on an empty board at the requested position","duration":2.5421249999999986,"failureMessages":[],"meta":{},"tags":[]},{"ancestorTitles":["AddReadModelNodeCommandHandler"],"fullName":"AddReadModelNodeCommandHandler places a read model node with the correct label","status":"passed","title":"places a read model node with the correct label","duration":0.33233300000000554,"failureMessages":[],"meta":{},"tags":[]},{"ancestorTitles":["AddReadModelNodeCommandHandler"],"fullName":"AddReadModelNodeCommandHandler shifts occupant right when inserting at an occupied position","status":"passed","title":"shifts occupant right when inserting at an occupied position","duration":0.2787089999999921,"failureMessages":[],"meta":{},"tags":[]},{"ancestorTitles":["AddReadModelNodeCommandHandler"],"fullName":"AddReadModelNodeCommandHandler does not mutate the original board","status":"passed","title":"does not mutate the original board","duration":0.19941600000001358,"failureMessages":[],"meta":{},"tags":[]}],"startTime":1776543360024,"endTime":1776543360027.2788,"status":"passed","message":"","name":"/Users/sebastiendegodez/Documents/source.nosync/event2spec/tests/core/usecases/AddReadModelNode/AddReadModelNodeCommandHandler.test.ts"},{"assertionResults":[{"ancestorTitles":["AddUIScreenNodeCommandHandler"],"fullName":"AddUIScreenNodeCommandHandler places a UI screen node on an empty board at the requested position","status":"passed","title":"places a UI screen node on an empty board at the requested position","duration":2.6328340000000026,"failureMessages":[],"meta":{},"tags":[]},{"ancestorTitles":["AddUIScreenNodeCommandHandler"],"fullName":"AddUIScreenNodeCommandHandler places a UI screen node with the correct label","status":"passed","title":"places a UI screen node with the correct label","duration":0.3492919999999913,"failureMessages":[],"meta":{},"tags":[]},{"ancestorTitles":["AddUIScreenNodeCommandHandler"],"fullName":"AddUIScreenNodeCommandHandler does not mutate the original board","status":"passed","title":"does not mutate the original board","duration":0.22891700000002402,"failureMessages":[],"meta":{},"tags":[]}],"startTime":1776543360020,"endTime":1776543360023.3494,"status":"passed","message":"","name":"/Users/sebastiendegodez/Documents/source.nosync/event2spec/tests/core/usecases/AddUIScreenNode/AddUIScreenNodeCommandHandler.test.ts"},{"assertionResults":[{"ancestorTitles":["AssignSliceToBoundedContextCommandHandler"],"fullName":"AssignSliceToBoundedContextCommandHandler assigns a slice to a bounded context","status":"passed","title":"assigns a slice to a bounded context","duration":1.7491660000000024,"failureMessages":[],"meta":{},"tags":[]},{"ancestorTitles":["AssignSliceToBoundedContextCommandHandler"],"fullName":"AssignSliceToBoundedContextCommandHandler unassigns a slice when boundedContextId is undefined","status":"passed","title":"unassigns a slice when boundedContextId is undefined","duration":0.28675000000001205,"failureMessages":[],"meta":{},"tags":[]},{"ancestorTitles":["AssignSliceToBoundedContextCommandHandler"],"fullName":"AssignSliceToBoundedContextCommandHandler slices without assignment have no boundedContextId","status":"passed","title":"slices without assignment have no boundedContextId","duration":0.1320829999999944,"failureMessages":[],"meta":{},"tags":[]}],"startTime":1776543360162,"endTime":1776543360164.2869,"status":"passed","message":"","name":"/Users/sebastiendegodez/Documents/source.nosync/event2spec/tests/core/usecases/AssignSliceToBoundedContext/AssignSliceToBoundedContextCommandHandler.test.ts"},{"assertionResults":[{"ancestorTitles":["CreateSliceCommandHandler"],"fullName":"CreateSliceCommandHandler creates a slice in an empty collection","status":"passed","title":"creates a slice in an empty collection","duration":3.327500000000015,"failureMessages":[],"meta":{},"tags":[]},{"ancestorTitles":["CreateSliceCommandHandler"],"fullName":"CreateSliceCommandHandler appends a slice at the end of an existing collection","status":"passed","title":"appends a slice at the end of an existing collection","duration":0.5926660000000084,"failureMessages":[],"meta":{},"tags":[]},{"ancestorTitles":["CreateSliceCommandHandler"],"fullName":"CreateSliceCommandHandler creates a slice with multiple events","status":"passed","title":"creates a slice with multiple events","duration":0.21741700000001174,"failureMessages":[],"meta":{},"tags":[]}],"startTime":1776543360021,"endTime":1776543360025.5928,"status":"passed","message":"","name":"/Users/sebastiendegodez/Documents/source.nosync/event2spec/tests/core/usecases/CreateSlice/CreateSliceCommandHandler.test.ts"},{"assertionResults":[{"ancestorTitles":["AddScenarioToSliceCommandHandler"],"fullName":"AddScenarioToSliceCommandHandler adds a scenario to an existing slice","status":"passed","title":"adds a scenario to an existing slice","duration":3.2107499999999902,"failureMessages":[],"meta":{},"tags":[]},{"ancestorTitles":["AddScenarioToSliceCommandHandler"],"fullName":"AddScenarioToSliceCommandHandler appends multiple scenarios to the same slice","status":"passed","title":"appends multiple scenarios to the same slice","duration":0.512833999999998,"failureMessages":[],"meta":{},"tags":[]}],"startTime":1776543360026,"endTime":1776543360030.513,"status":"passed","message":"","name":"/Users/sebastiendegodez/Documents/source.nosync/event2spec/tests/core/usecases/AddScenarioToSlice/AddScenarioToSliceCommandHandler.test.ts"},{"assertionResults":[{"ancestorTitles":["CreateBoundedContextCommandHandler"],"fullName":"CreateBoundedContextCommandHandler creates a bounded context in an empty collection","status":"passed","title":"creates a bounded context in an empty collection","duration":2.1385830000000112,"failureMessages":[],"meta":{},"tags":[]},{"ancestorTitles":["CreateBoundedContextCommandHandler"],"fullName":"CreateBoundedContextCommandHandler appends a new bounded context to an existing collection","status":"passed","title":"appends a new bounded context to an existing collection","duration":0.4007919999999956,"failureMessages":[],"meta":{},"tags":[]},{"ancestorTitles":["CreateBoundedContextCommandHandler"],"fullName":"CreateBoundedContextCommandHandler inserts a bounded context at a specific index","status":"passed","title":"inserts a bounded context at a specific index","duration":0.3294580000000167,"failureMessages":[],"meta":{},"tags":[]}],"startTime":1776543360112,"endTime":1776543360114.401,"status":"passed","message":"","name":"/Users/sebastiendegodez/Documents/source.nosync/event2spec/tests/core/usecases/CreateBoundedContext/CreateBoundedContextCommandHandler.test.ts"},{"assertionResults":[],"startTime":1776543359392,"endTime":1776543359392,"status":"failed","message":"Cannot find module './ConnectionType' imported from /Users/sebastiendegodez/Documents/source.nosync/event2spec/src/core/domain/node/NodeLink.ts","name":"/Users/sebastiendegodez/Documents/source.nosync/event2spec/tests/core/usecases/ExportJSON/ExportJSONQueryHandler.test.ts"},{"assertionResults":[],"startTime":1776543359392,"endTime":1776543359392,"status":"failed","message":"Cannot find module './ConnectionType' imported from /Users/sebastiendegodez/Documents/source.nosync/event2spec/src/core/domain/node/NodeLink.ts","name":"/Users/sebastiendegodez/Documents/source.nosync/event2spec/tests/core/usecases/ExportMarkdown/ExportMarkdownQueryHandler.test.ts"},{"assertionResults":[{"ancestorTitles":["DeleteSliceCommandHandler"],"fullName":"DeleteSliceCommandHandler removes a slice from the collection","status":"passed","title":"removes a slice from the collection","duration":2.3950000000000102,"failureMessages":[],"meta":{},"tags":[]},{"ancestorTitles":["DeleteSliceCommandHandler"],"fullName":"DeleteSliceCommandHandler only removes the specified slice","status":"passed","title":"only removes the specified slice","duration":0.45641699999998764,"failureMessages":[],"meta":{},"tags":[]}],"startTime":1776543360121,"endTime":1776543360123.4563,"status":"passed","message":"","name":"/Users/sebastiendegodez/Documents/source.nosync/event2spec/tests/core/usecases/DeleteSlice/DeleteSliceCommandHandler.test.ts"},{"assertionResults":[{"ancestorTitles":["DeleteBoundedContextCommandHandler"],"fullName":"DeleteBoundedContextCommandHandler removes the bounded context from the collection","status":"passed","title":"removes the bounded context from the collection","duration":2.0398329999999874,"failureMessages":[],"meta":{},"tags":[]},{"ancestorTitles":["DeleteBoundedContextCommandHandler"],"fullName":"DeleteBoundedContextCommandHandler unassigns slices that belonged to the deleted bounded context","status":"passed","title":"unassigns slices that belonged to the deleted bounded context","duration":0.5166249999999764,"failureMessages":[],"meta":{},"tags":[]}],"startTime":1776543360134,"endTime":1776543360136.5166,"status":"passed","message":"","name":"/Users/sebastiendegodez/Documents/source.nosync/event2spec/tests/core/usecases/DeleteBoundedContext/DeleteBoundedContextCommandHandler.test.ts"},{"assertionResults":[{"ancestorTitles":["ExtendSliceRightCommandHandler"],"fullName":"ExtendSliceRightCommandHandler extends a slice by one free column on the right","status":"passed","title":"extends a slice by one free column on the right","duration":2.225083000000012,"failureMessages":[],"meta":{},"tags":[]},{"ancestorTitles":["ExtendSliceRightCommandHandler"],"fullName":"ExtendSliceRightCommandHandler throws when the next column is already covered by another slice","status":"passed","title":"throws when the next column is already covered by another slice","duration":0.8995419999999967,"failureMessages":[],"meta":{},"tags":[]}],"startTime":1776543360078,"endTime":1776543360081.8997,"status":"passed","message":"","name":"/Users/sebastiendegodez/Documents/source.nosync/event2spec/tests/core/usecases/ExtendSliceRight/ExtendSliceRightCommandHandler.test.ts"},{"assertionResults":[],"startTime":1776543359392,"endTime":1776543359392,"status":"failed","message":"Cannot find module './NodeKind' imported from /Users/sebastiendegodez/Documents/source.nosync/event2spec/src/core/domain/isRowValidForKind.ts","name":"/Users/sebastiendegodez/Documents/source.nosync/event2spec/tests/core/usecases/MoveNode/MoveNodeCommandHandler.rowRules.test.ts"},{"assertionResults":[],"startTime":1776543359392,"endTime":1776543359392,"status":"failed","message":"Cannot find module './NodeKind' imported from /Users/sebastiendegodez/Documents/source.nosync/event2spec/src/core/domain/isRowValidForKind.ts","name":"/Users/sebastiendegodez/Documents/source.nosync/event2spec/tests/core/usecases/MoveNode/MoveNodeCommandHandler.test.ts"},{"assertionResults":[{"ancestorTitles":["RemoveNodeCommandHandler"],"fullName":"RemoveNodeCommandHandler removes a node by id","status":"passed","title":"removes a node by id","duration":2.039041000000026,"failureMessages":[],"meta":{},"tags":[]},{"ancestorTitles":["RemoveNodeCommandHandler"],"fullName":"RemoveNodeCommandHandler leaves the board unchanged when removing an unknown id","status":"passed","title":"leaves the board unchanged when removing an unknown id","duration":0.3225830000000087,"failureMessages":[],"meta":{},"tags":[]}],"startTime":1776543360202,"endTime":1776543360204.3225,"status":"passed","message":"","name":"/Users/sebastiendegodez/Documents/source.nosync/event2spec/tests/core/usecases/RemoveNode/RemoveNodeCommandHandler.test.ts"},{"assertionResults":[{"ancestorTitles":["RemoveScenarioFromSliceCommandHandler"],"fullName":"RemoveScenarioFromSliceCommandHandler removes a scenario by index from a slice","status":"passed","title":"removes a scenario by index from a slice","duration":2.6522910000000195,"failureMessages":[],"meta":{},"tags":[]}],"startTime":1776543360149,"endTime":1776543360151.6523,"status":"passed","message":"","name":"/Users/sebastiendegodez/Documents/source.nosync/event2spec/tests/core/usecases/RemoveScenarioFromSlice/RemoveScenarioFromSliceCommandHandler.test.ts"},{"assertionResults":[{"ancestorTitles":["RenameSliceCommandHandler"],"fullName":"RenameSliceCommandHandler renames an existing slice","status":"passed","title":"renames an existing slice","duration":1.2313749999999857,"failureMessages":[],"meta":{},"tags":[]},{"ancestorTitles":["RenameSliceCommandHandler"],"fullName":"RenameSliceCommandHandler does not affect other slices","status":"passed","title":"does not affect other slices","duration":0.39324999999999477,"failureMessages":[],"meta":{},"tags":[]}],"startTime":1776543360202,"endTime":1776543360204.3933,"status":"passed","message":"","name":"/Users/sebastiendegodez/Documents/source.nosync/event2spec/tests/core/usecases/RenameSlice/RenameSliceCommandHandler.test.ts"},{"assertionResults":[{"ancestorTitles":["UpdateNodeLabelCommandHandler"],"fullName":"UpdateNodeLabelCommandHandler updates the label of an existing node","status":"passed","title":"updates the label of an existing node","duration":1.3830420000000174,"failureMessages":[],"meta":{},"tags":[]},{"ancestorTitles":["UpdateNodeLabelCommandHandler"],"fullName":"UpdateNodeLabelCommandHandler leaves other nodes unchanged when updating a label","status":"passed","title":"leaves other nodes unchanged when updating a label","duration":0.33183299999998894,"failureMessages":[],"meta":{},"tags":[]}],"startTime":1776543360198,"endTime":1776543360199.383,"status":"passed","message":"","name":"/Users/sebastiendegodez/Documents/source.nosync/event2spec/tests/core/usecases/UpdateNodeLabel/UpdateNodeLabelCommandHandler.test.ts"},{"assertionResults":[{"ancestorTitles":["UpdateScenarioInSliceCommandHandler"],"fullName":"UpdateScenarioInSliceCommandHandler updates an existing scenario at the given index","status":"passed","title":"updates an existing scenario at the given index","duration":2.7392499999999984,"failureMessages":[],"meta":{},"tags":[]},{"ancestorTitles":["UpdateScenarioInSliceCommandHandler"],"fullName":"UpdateScenarioInSliceCommandHandler only updates the scenario at the specified index, leaving others unchanged","status":"passed","title":"only updates the scenario at the specified index, leaving others unchanged","duration":0.5202080000000251,"failureMessages":[],"meta":{},"tags":[]},{"ancestorTitles":["UpdateScenarioInSliceCommandHandler"],"fullName":"UpdateScenarioInSliceCommandHandler does not affect other slices","status":"passed","title":"does not affect other slices","duration":0.1782090000000096,"failureMessages":[],"meta":{},"tags":[]}],"startTime":1776543359990,"endTime":1776543359993.5203,"status":"passed","message":"","name":"/Users/sebastiendegodez/Documents/source.nosync/event2spec/tests/core/usecases/UpdateScenarioInSlice/UpdateScenarioInSliceCommandHandler.test.ts"},{"assertionResults":[],"startTime":1776543359392,"endTime":1776543359392,"status":"failed","message":"Cannot find module './ConnectionType' imported from /Users/sebastiendegodez/Documents/source.nosync/event2spec/src/core/domain/node/NodeLink.ts","name":"/Users/sebastiendegodez/Documents/source.nosync/event2spec/tests/core/usecases/ValidateModel/ValidateModelQueryHandler.test.ts"}]}